[01m[K/home/CAD/butai01/ws/src/fsc/src/FootstepControl.cpp:17:10:[m[K [01;31m[Kerror: [m[Kuninitialized const ‚Äò[01m[Kal[m[K‚Äô [[01;31m[K-fpermissive[m[K]
 const DB [01;31m[Kal[m[K,dt,og,sg;
          [01;31m[K^~[m[K
[01m[K/home/CAD/butai01/ws/src/fsc/src/FootstepControl.cpp:17:13:[m[K [01;31m[Kerror: [m[Kuninitialized const ‚Äò[01m[Kdt[m[K‚Äô [[01;31m[K-fpermissive[m[K]
 const DB al,[01;31m[Kdt[m[K,og,sg;
             [01;31m[K^~[m[K
[01m[K/home/CAD/butai01/ws/src/fsc/src/FootstepControl.cpp:17:16:[m[K [01;31m[Kerror: [m[Kuninitialized const ‚Äò[01m[Kog[m[K‚Äô [[01;31m[K-fpermissive[m[K]
 const DB al,dt,[01;31m[Kog[m[K,sg;
                [01;31m[K^~[m[K
[01m[K/home/CAD/butai01/ws/src/fsc/src/FootstepControl.cpp:17:19:[m[K [01;31m[Kerror: [m[Kuninitialized const ‚Äò[01m[Ksg[m[K‚Äô [[01;31m[K-fpermissive[m[K]
 const DB al,dt,og,[01;31m[Ksg[m[K;
                   [01;31m[K^~[m[K
[01m[K/home/CAD/butai01/ws/src/fsc/src/FootstepControl.cpp:51:11:[m[K [01;31m[Kerror: [m[K‚Äò[01m[KFootstepControl[m[K‚Äô has not been declared
 bool setv([01;31m[KFootstepControl[m[K::SetV::Request &req, FootstepControl::SetV::Response &res){tvx = req.vx;tvy = req.vy;tvr = req.vr;return true;}
           [01;31m[K^~~~~~~~~~~~~~~[m[K
[01m[K/home/CAD/butai01/ws/src/fsc/src/FootstepControl.cpp:51:43:[m[K [01;31m[Kerror: [m[K‚Äò[01m[Kreq[m[K‚Äô was not declared in this scope
 bool setv(FootstepControl::SetV::Request &[01;31m[Kreq[m[K, FootstepControl::SetV::Response &res){tvx = req.vx;tvy = req.vy;tvr = req.vr;return true;}
                                           [01;31m[K^~~[m[K
[01m[K/home/CAD/butai01/ws/src/fsc/src/FootstepControl.cpp:51:48:[m[K [01;31m[Kerror: [m[K‚Äò[01m[KFootstepControl[m[K‚Äô has not been declared
 bool setv(FootstepControl::SetV::Request &req, [01;31m[KFootstepControl[m[K::SetV::Response &res){tvx = req.vx;tvy = req.vy;tvr = req.vr;return true;}
                                                [01;31m[K^~~~~~~~~~~~~~~[m[K
[01m[K/home/CAD/butai01/ws/src/fsc/src/FootstepControl.cpp:51:81:[m[K [01;31m[Kerror: [m[K‚Äò[01m[Kres[m[K‚Äô was not declared in this scope
 bool setv(FootstepControl::SetV::Request &req, FootstepControl::SetV::Response &[01;31m[Kres[m[K){tvx = req.vx;tvy = req.vy;tvr = req.vr;return true;}
                                                                                 [01;31m[K^~~[m[K
[01m[K/home/CAD/butai01/ws/src/fsc/src/FootstepControl.cpp:51:84:[m[K [01;31m[Kerror: [m[Kexpression list treated as compound expression in initializer [[01;31m[K-fpermissive[m[K]
 bool setv(FootstepControl::SetV::Request &req, FootstepControl::SetV::Response &res[01;31m[K)[m[K{tvx = req.vx;tvy = req.vy;tvr = req.vr;return true;}
                                                                                    [01;31m[K^[m[K
[01m[K/home/CAD/butai01/ws/src/fsc/src/FootstepControl.cpp:69:16:[m[K [01;31m[Kerror: [m[K‚Äò[01m[KFootstepControl[m[K‚Äô does not name a type
 void FSC(const [01;31m[KFootstepControl[m[K::MyState::ConstPtr &msg)
                [01;31m[K^~~~~~~~~~~~~~~[m[K
[01m[K/home/CAD/butai01/ws/src/fsc/src/FootstepControl.cpp:69:40:[m[K [01;31m[Kerror: [m[Kexpected unqualified-id before ‚Äò[01m[K::[m[K‚Äô token
 void FSC(const FootstepControl::MyState[01;31m[K::[m[KConstPtr &msg)
                                        [01;31m[K^~[m[K
[01m[K/home/CAD/butai01/ws/src/fsc/src/FootstepControl.cpp:69:40:[m[K [01;31m[Kerror: [m[Kexpected ‚Äò[01m[K)[m[K‚Äô before ‚Äò[01m[K::[m[K‚Äô token
[01m[K/home/CAD/butai01/ws/src/fsc/src/FootstepControl.cpp:69:40:[m[K [01;31m[Kerror: [m[Kexpected initializer before ‚Äò[01m[K::[m[K‚Äô token
[01m[K/home/CAD/butai01/ws/src/fsc/src/FootstepControl.cpp:[m[K In function ‚Äò[01m[Kint main(int, char**)[m[K‚Äô:
[01m[K/home/CAD/butai01/ws/src/fsc/src/FootstepControl.cpp:114:53:[m[K [01;31m[Kerror: [m[K‚Äò[01m[KFSC[m[K‚Äô was not declared in this scope
     ros::Subscriber sub = n.subscribe("cstate", 10, [01;31m[KFSC[m[K);
                                                     [01;31m[K^~~[m[K
[01m[K/home/CAD/butai01/ws/src/fsc/src/FootstepControl.cpp:116:65:[m[K [01;31m[Kerror: [m[Kno matching function for call to ‚Äò[01m[Kros::NodeHandle::advertiseService(const char [5], bool&)[m[K‚Äô
     ros::ServiceServer service = n.advertiseService("setv", setv[01;31m[K)[m[K;
                                                                 [01;31m[K^[m[K
In file included from [01m[K/opt/ros/melodic/include/ros/ros.h:45:0[m[K,
                 from [01m[K/home/CAD/butai01/ws/src/fsc/src/FootstepControl.cpp:7[m[K:
[01m[K/opt/ros/melodic/include/ros/node_handle.h:879:17:[m[K [01;36m[Knote: [m[Kcandidate: template<class T, class MReq, class MRes> ros::ServiceServer ros::NodeHandle::advertiseService(const string&, bool (T::*)(MReq&, MRes&), T*)
   ServiceServer [01;36m[KadvertiseService[m[K(const std::string& service, bool(T::*srv_func)(MReq &, MRes &), T *obj)
                 [01;36m[K^~~~~~~~~~~~~~~~[m[K
[01m[K/opt/ros/melodic/include/ros/node_handle.h:879:17:[m[K [01;36m[Knote: [m[K  template argument deduction/substitution failed:
[01m[K/home/CAD/butai01/ws/src/fsc/src/FootstepControl.cpp:116:65:[m[K [01;36m[Knote: [m[K  mismatched types ‚Äò[01m[Kbool (T::*)(MReq&, MRes&)[m[K‚Äô and ‚Äò[01m[Kbool[m[K‚Äô
     ros::ServiceServer service = n.advertiseService("setv", setv[01;36m[K)[m[K;
                                                                 [01;36m[K^[m[K
In file included from [01m[K/opt/ros/melodic/include/ros/ros.h:45:0[m[K,
                 from [01m[K/home/CAD/butai01/ws/src/fsc/src/FootstepControl.cpp:7[m[K:
[01m[K/opt/ros/melodic/include/ros/node_handle.h:924:17:[m[K [01;36m[Knote: [m[Kcandidate: template<class T, class MReq, class MRes> ros::ServiceServer ros::NodeHandle::advertiseService(const string&, bool (T::*)(ros::ServiceEvent<MReq, MRes>&), T*)
   ServiceServer [01;36m[KadvertiseService[m[K(const std::string& service, bool(T::*srv_func)(ServiceEvent<MReq, MRes>&), T *obj)
                 [01;36m[K^~~~~~~~~~~~~~~~[m[K
[01m[K/opt/ros/melodic/include/ros/node_handle.h:924:17:[m[K [01;36m[Knote: [m[K  template argument deduction/substitution failed:
[01m[K/home/CAD/butai01/ws/src/fsc/src/FootstepControl.cpp:116:65:[m[K [01;36m[Knote: [m[K  mismatched types ‚Äò[01m[Kbool (T::*)(ros::ServiceEvent<MReq, MRes>&)[m[K‚Äô and ‚Äò[01m[Kbool[m[K‚Äô
     ros::ServiceServer service = n.advertiseService("setv", setv[01;36m[K)[m[K;
                                                                 [01;36m[K^[m[K
In file included from [01m[K/opt/ros/melodic/include/ros/ros.h:45:0[m[K,
                 from [01m[K/home/CAD/butai01/ws/src/fsc/src/FootstepControl.cpp:7[m[K:
[01m[K/opt/ros/melodic/include/ros/node_handle.h:970:17:[m[K [01;36m[Knote: [m[Kcandidate: template<class T, class MReq, class MRes> ros::ServiceServer ros::NodeHandle::advertiseService(const string&, bool (T::*)(MReq&, MRes&), const boost::shared_ptr<X>&)
   ServiceServer [01;36m[KadvertiseService[m[K(const std::string& service, bool(T::*srv_func)(MReq &, MRes &), const boost::shared_ptr<T>& obj)
                 [01;36m[K^~~~~~~~~~~~~~~~[m[K
[01m[K/opt/ros/melodic/include/ros/node_handle.h:970:17:[m[K [01;36m[Knote: [m[K  template argument deduction/substitution failed:
[01m[K/home/CAD/butai01/ws/src/fsc/src/FootstepControl.cpp:116:65:[m[K [01;36m[Knote: [m[K  mismatched types ‚Äò[01m[Kbool (T::*)(MReq&, MRes&)[m[K‚Äô and ‚Äò[01m[Kbool[m[K‚Äô
     ros::ServiceServer service = n.advertiseService("setv", setv[01;36m[K)[m[K;
                                                                 [01;36m[K^[m[K
In file included from [01m[K/opt/ros/melodic/include/ros/ros.h:45:0[m[K,
                 from [01m[K/home/CAD/butai01/ws/src/fsc/src/FootstepControl.cpp:7[m[K:
[01m[K/opt/ros/melodic/include/ros/node_handle.h:1017:17:[m[K [01;36m[Knote: [m[Kcandidate: template<class T, class MReq, class MRes> ros::ServiceServer ros::NodeHandle::advertiseService(const string&, bool (T::*)(ros::ServiceEvent<MReq, MRes>&), const boost::shared_ptr<X>&)
   ServiceServer [01;36m[KadvertiseService[m[K(const std::string& service, bool(T::*srv_func)(ServiceEvent<MReq, MRes>&), const boost::shared_ptr<T>& obj)
                 [01;36m[K^~~~~~~~~~~~~~~~[m[K
[01m[K/opt/ros/melodic/include/ros/node_handle.h:1017:17:[m[K [01;36m[Knote: [m[K  template argument deduction/substitution failed:
[01m[K/home/CAD/butai01/ws/src/fsc/src/FootstepControl.cpp:116:65:[m[K [01;36m[Knote: [m[K  mismatched types ‚Äò[01m[Kbool (T::*)(ros::ServiceEvent<MReq, MRes>&)[m[K‚Äô and ‚Äò[01m[Kbool[m[K‚Äô
     ros::ServiceServer service = n.advertiseService("setv", setv[01;36m[K)[m[K;
                                                                 [01;36m[K^[m[K
In file included from [01m[K/opt/ros/melodic/include/ros/ros.h:45:0[m[K,
                 from [01m[K/home/CAD/butai01/ws/src/fsc/src/FootstepControl.cpp:7[m[K:
[01m[K/opt/ros/melodic/include/ros/node_handle.h:1061:17:[m[K [01;36m[Knote: [m[Kcandidate: template<class MReq, class MRes> ros::ServiceServer ros::NodeHandle::advertiseService(const string&, bool (*)(MReq&, MRes&))
   ServiceServer [01;36m[KadvertiseService[m[K(const std::string& service, bool(*srv_func)(MReq&, MRes&))
                 [01;36m[K^~~~~~~~~~~~~~~~[m[K
[01m[K/opt/ros/melodic/include/ros/node_handle.h:1061:17:[m[K [01;36m[Knote: [m[K  template argument deduction/substitution failed:
[01m[K/home/CAD/butai01/ws/src/fsc/src/FootstepControl.cpp:116:65:[m[K [01;36m[Knote: [m[K  mismatched types ‚Äò[01m[Kbool (*)(MReq&, MRes&)[m[K‚Äô and ‚Äò[01m[Kbool[m[K‚Äô
     ros::ServiceServer service = n.advertiseService("setv", setv[01;36m[K)[m[K;
                                                                 [01;36m[K^[m[K
In file included from [01m[K/opt/ros/melodic/include/ros/ros.h:45:0[m[K,
                 from [01m[K/home/CAD/butai01/ws/src/fsc/src/FootstepControl.cpp:7[m[K:
[01m[K/opt/ros/melodic/include/ros/node_handle.h:1104:17:[m[K [01;36m[Knote: [m[Kcandidate: template<class MReq, class MRes> ros::ServiceServer ros::NodeHandle::advertiseService(const string&, bool (*)(ros::ServiceEvent<MReq, MRes>&))
   ServiceServer [01;36m[KadvertiseService[m[K(const std::string& service, bool(*srv_func)(ServiceEvent<MReq, MRes>&))
                 [01;36m[K^~~~~~~~~~~~~~~~[m[K
[01m[K/opt/ros/melodic/include/ros/node_handle.h:1104:17:[m[K [01;36m[Knote: [m[K  template argument deduction/substitution failed:
[01m[K/home/CAD/butai01/ws/src/fsc/src/FootstepControl.cpp:116:65:[m[K [01;36m[Knote: [m[K  mismatched types ‚Äò[01m[Kbool (*)(ros::ServiceEvent<MReq, MRes>&)[m[K‚Äô and ‚Äò[01m[Kbool[m[K‚Äô
     ros::ServiceServer service = n.advertiseService("setv", setv[01;36m[K)[m[K;
                                                                 [01;36m[K^[m[K
In file included from [01m[K/opt/ros/melodic/include/ros/ros.h:45:0[m[K,
                 from [01m[K/home/CAD/butai01/ws/src/fsc/src/FootstepControl.cpp:7[m[K:
[01m[K/opt/ros/melodic/include/ros/node_handle.h:1145:17:[m[K [01;36m[Knote: [m[Kcandidate: template<class MReq, class MRes> ros::ServiceServer ros::NodeHandle::advertiseService(const string&, const boost::function<bool(MReq&, MRes&)>&, const VoidConstPtr&)
   ServiceServer [01;36m[KadvertiseService[m[K(const std::string& service, const boost::function<bool(MReq&, MRes&)>& callback,
                 [01;36m[K^~~~~~~~~~~~~~~~[m[K
[01m[K/opt/ros/melodic/include/ros/node_handle.h:1145:17:[m[K [01;36m[Knote: [m[K  template argument deduction/substitution failed:
[01m[K/home/CAD/butai01/ws/src/fsc/src/FootstepControl.cpp:116:65:[m[K [01;36m[Knote: [m[K  mismatched types ‚Äò[01m[Kconst boost::function<bool(MReq&, MRes&)>[m[K‚Äô and ‚Äò[01m[Kbool[m[K‚Äô
     ros::ServiceServer service = n.advertiseService("setv", setv[01;36m[K)[m[K;
                                                                 [01;36m[K^[m[K
In file included from [01m[K/opt/ros/melodic/include/ros/ros.h:45:0[m[K,
                 from [01m[K/home/CAD/butai01/ws/src/fsc/src/FootstepControl.cpp:7[m[K:
[01m[K/opt/ros/melodic/include/ros/node_handle.h:1190:17:[m[K [01;36m[Knote: [m[Kcandidate: template<class S> ros::ServiceServer ros::NodeHandle::advertiseService(const string&, const boost::function<bool(S&)>&, const VoidConstPtr&)
   ServiceServer [01;36m[KadvertiseService[m[K(const std::string& service, const boost::function<bool(S&)>& callback,
                 [01;36m[K^~~~~~~~~~~~~~~~[m[K
[01m[K/opt/ros/melodic/include/ros/node_handle.h:1190:17:[m[K [01;36m[Knote: [m[K  template argument deduction/substitution failed:
[01m[K/home/CAD/butai01/ws/src/fsc/src/FootstepControl.cpp:116:65:[m[K [01;36m[Knote: [m[K  mismatched types ‚Äò[01m[Kconst boost::function<bool(S&)>[m[K‚Äô and ‚Äò[01m[Kbool[m[K‚Äô
     ros::ServiceServer service = n.advertiseService("setv", setv[01;36m[K)[m[K;
                                                                 [01;36m[K^[m[K
In file included from [01m[K/opt/ros/melodic/include/ros/ros.h:45:0[m[K,
                 from [01m[K/home/CAD/butai01/ws/src/fsc/src/FootstepControl.cpp:7[m[K:
[01m[K/opt/ros/melodic/include/ros/node_handle.h:1222:17:[m[K [01;36m[Knote: [m[Kcandidate: ros::ServiceServer ros::NodeHandle::advertiseService(ros::AdvertiseServiceOptions&)
   ServiceServer [01;36m[KadvertiseService[m[K(AdvertiseServiceOptions& ops);
                 [01;36m[K^~~~~~~~~~~~~~~~[m[K
[01m[K/opt/ros/melodic/include/ros/node_handle.h:1222:17:[m[K [01;36m[Knote: [m[K  candidate expects 1 argument, 2 provided
[01m[K/home/CAD/butai01/ws/src/fsc/src/FootstepControl.cpp:17:10:[m[K [01;31m[Kerror: [m[Kuninitialized const ‚Äò[01m[Kal[m[K‚Äô [[01;31m[K-fpermissive[m[K]
 const DB [01;31m[Kal[m[K,dt,og,sg;
          [01;31m[K^~[m[K
[01m[K/home/CAD/butai01/ws/src/fsc/src/FootstepControl.cpp:17:13:[m[K [01;31m[Kerror: [m[Kuninitialized const ‚Äò[01m[Kdt[m[K‚Äô [[01;31m[K-fpermissive[m[K]
 const DB al,[01;31m[Kdt[m[K,og,sg;
             [01;31m[K^~[m[K
[01m[K/home/CAD/butai01/ws/src/fsc/src/FootstepControl.cpp:17:16:[m[K [01;31m[Kerror: [m[Kuninitialized const ‚Äò[01m[Kog[m[K‚Äô [[01;31m[K-fpermissive[m[K]
 const DB al,dt,[01;31m[Kog[m[K,sg;
                [01;31m[K^~[m[K
[01m[K/home/CAD/butai01/ws/src/fsc/src/FootstepControl.cpp:17:19:[m[K [01;31m[Kerror: [m[Kuninitialized const ‚Äò[01m[Ksg[m[K‚Äô [[01;31m[K-fpermissive[m[K]
 const DB al,dt,og,[01;31m[Ksg[m[K;
                   [01;31m[K^~[m[K
[01m[K/home/CAD/butai01/ws/src/fsc/src/FootstepControl.cpp:51:11:[m[K [01;31m[Kerror: [m[K‚Äò[01m[KFootstepControl[m[K‚Äô has not been declared
 bool setv([01;31m[KFootstepControl[m[K::SetV::Request &req, FootstepControl::SetV::Response &res){tvx = req.vx;tvy = req.vy;tvr = req.vr;return true;}
           [01;31m[K^~~~~~~~~~~~~~~[m[K
[01m[K/home/CAD/butai01/ws/src/fsc/src/FootstepControl.cpp:51:43:[m[K [01;31m[Kerror: [m[K‚Äò[01m[Kreq[m[K‚Äô was not declared in this scope
 bool setv(FootstepControl::SetV::Request &[01;31m[Kreq[m[K, FootstepControl::SetV::Response &res){tvx = req.vx;tvy = req.vy;tvr = req.vr;return true;}
                                           [01;31m[K^~~[m[K
[01m[K/home/CAD/butai01/ws/src/fsc/src/FootstepControl.cpp:51:48:[m[K [01;31m[Kerror: [m[K‚Äò[01m[KFootstepControl[m[K‚Äô has not been declared
 bool setv(FootstepControl::SetV::Request &req, [01;31m[KFootstepControl[m[K::SetV::Response &res){tvx = req.vx;tvy = req.vy;tvr = req.vr;return true;}
                                                [01;31m[K^~~~~~~~~~~~~~~[m[K
[01m[K/home/CAD/butai01/ws/src/fsc/src/FootstepControl.cpp:51:81:[m[K [01;31m[Kerror: [m[K‚Äò[01m[Kres[m[K‚Äô was not declared in this scope
 bool setv(FootstepControl::SetV::Request &req, FootstepControl::SetV::Response &[01;31m[Kres[m[K){tvx = req.vx;tvy = req.vy;tvr = req.vr;return true;}
                                                                                 [01;31m[K^~~[m[K
[01m[K/home/CAD/butai01/ws/src/fsc/src/FootstepControl.cpp:51:84:[m[K [01;31m[Kerror: [m[Kexpression list treated as compound expression in initializer [[01;31m[K-fpermissive[m[K]
 bool setv(FootstepControl::SetV::Request &req, FootstepControl::SetV::Response &res[01;31m[K)[m[K{tvx = req.vx;tvy = req.vy;tvr = req.vr;return true;}
                                                                                    [01;31m[K^[m[K
[01m[K/home/CAD/butai01/ws/src/fsc/src/FootstepControl.cpp:69:16:[m[K [01;31m[Kerror: [m[K‚Äò[01m[KFootstepControl[m[K‚Äô does not name a type
 void FSC(const [01;31m[KFootstepControl[m[K::MyState::ConstPtr &msg)
                [01;31m[K^~~~~~~~~~~~~~~[m[K
[01m[K/home/CAD/butai01/ws/src/fsc/src/FootstepControl.cpp:69:40:[m[K [01;31m[Kerror: [m[Kexpected unqualified-id before ‚Äò[01m[K::[m[K‚Äô token
 void FSC(const FootstepControl::MyState[01;31m[K::[m[KConstPtr &msg)
                                        [01;31m[K^~[m[K
[01m[K/home/CAD/butai01/ws/src/fsc/src/FootstepControl.cpp:69:40:[m[K [01;31m[Kerror: [m[Kexpected ‚Äò[01m[K)[m[K‚Äô before ‚Äò[01m[K::[m[K‚Äô token
[01m[K/home/CAD/butai01/ws/src/fsc/src/FootstepControl.cpp:69:40:[m[K [01;31m[Kerror: [m[Kexpected initializer before ‚Äò[01m[K::[m[K‚Äô token
[01m[K/home/CAD/butai01/ws/src/fsc/src/FootstepControl.cpp:[m[K In function ‚Äò[01m[Kint main(int, char**)[m[K‚Äô:
[01m[K/home/CAD/butai01/ws/src/fsc/src/FootstepControl.cpp:114:53:[m[K [01;31m[Kerror: [m[K‚Äò[01m[KFSC[m[K‚Äô was not declared in this scope
     ros::Subscriber sub = n.subscribe("cstate", 10, [01;31m[KFSC[m[K);
                                                     [01;31m[K^~~[m[K
[01m[K/home/CAD/butai01/ws/src/fsc/src/FootstepControl.cpp:116:65:[m[K [01;31m[Kerror: [m[Kno matching function for call to ‚Äò[01m[Kros::NodeHandle::advertiseService(const char [5], bool&)[m[K‚Äô
     ros::ServiceServer service = n.advertiseService("setv", setv[01;31m[K)[m[K;
                                                                 [01;31m[K^[m[K
In file included from [01m[K/opt/ros/melodic/include/ros/ros.h:45:0[m[K,
                 from [01m[K/home/CAD/butai01/ws/src/fsc/src/FootstepControl.cpp:7[m[K:
[01m[K/opt/ros/melodic/include/ros/node_handle.h:879:17:[m[K [01;36m[Knote: [m[Kcandidate: template<class T, class MReq, class MRes> ros::ServiceServer ros::NodeHandle::advertiseService(const string&, bool (T::*)(MReq&, MRes&), T*)
   ServiceServer [01;36m[KadvertiseService[m[K(const std::string& service, bool(T::*srv_func)(MReq &, MRes &), T *obj)
                 [01;36m[K^~~~~~~~~~~~~~~~[m[K
[01m[K/opt/ros/melodic/include/ros/node_handle.h:879:17:[m[K [01;36m[Knote: [m[K  template argument deduction/substitution failed:
[01m[K/home/CAD/butai01/ws/src/fsc/src/FootstepControl.cpp:116:65:[m[K [01;36m[Knote: [m[K  mismatched types ‚Äò[01m[Kbool (T::*)(MReq&, MRes&)[m[K‚Äô and ‚Äò[01m[Kbool[m[K‚Äô
     ros::ServiceServer service = n.advertiseService("setv", setv[01;36m[K)[m[K;
                                                                 [01;36m[K^[m[K
In file included from [01m[K/opt/ros/melodic/include/ros/ros.h:45:0[m[K,
                 from [01m[K/home/CAD/butai01/ws/src/fsc/src/FootstepControl.cpp:7[m[K:
[01m[K/opt/ros/melodic/include/ros/node_handle.h:924:17:[m[K [01;36m[Knote: [m[Kcandidate: template<class T, class MReq, class MRes> ros::ServiceServer ros::NodeHandle::advertiseService(const string&, bool (T::*)(ros::ServiceEvent<MReq, MRes>&), T*)
   ServiceServer [01;36m[KadvertiseService[m[K(const std::string& service, bool(T::*srv_func)(ServiceEvent<MReq, MRes>&), T *obj)
                 [01;36m[K^~~~~~~~~~~~~~~~[m[K
[01m[K/opt/ros/melodic/include/ros/node_handle.h:924:17:[m[K [01;36m[Knote: [m[K  template argument deduction/substitution failed:
[01m[K/home/CAD/butai01/ws/src/fsc/src/FootstepControl.cpp:116:65:[m[K [01;36m[Knote: [m[K  mismatched types ‚Äò[01m[Kbool (T::*)(ros::ServiceEvent<MReq, MRes>&)[m[K‚Äô and ‚Äò[01m[Kbool[m[K‚Äô
     ros::ServiceServer service = n.advertiseService("setv", setv[01;36m[K)[m[K;
                                                                 [01;36m[K^[m[K
In file included from [01m[K/opt/ros/melodic/include/ros/ros.h:45:0[m[K,
                 from [01m[K/home/CAD/butai01/ws/src/fsc/src/FootstepControl.cpp:7[m[K:
[01m[K/opt/ros/melodic/include/ros/node_handle.h:970:17:[m[K [01;36m[Knote: [m[Kcandidate: template<class T, class MReq, class MRes> ros::ServiceServer ros::NodeHandle::advertiseService(const string&, bool (T::*)(MReq&, MRes&), const boost::shared_ptr<X>&)
   ServiceServer [01;36m[KadvertiseService[m[K(const std::string& service, bool(T::*srv_func)(MReq &, MRes &), const boost::shared_ptr<T>& obj)
                 [01;36m[K^~~~~~~~~~~~~~~~[m[K
[01m[K/opt/ros/melodic/include/ros/node_handle.h:970:17:[m[K [01;36m[Knote: [m[K  template argument deduction/substitution failed:
[01m[K/home/CAD/butai01/ws/src/fsc/src/FootstepControl.cpp:116:65:[m[K [01;36m[Knote: [m[K  mismatched types ‚Äò[01m[Kbool (T::*)(MReq&, MRes&)[m[K‚Äô and ‚Äò[01m[Kbool[m[K‚Äô
     ros::ServiceServer service = n.advertiseService("setv", setv[01;36m[K)[m[K;
                                                                 [01;36m[K^[m[K
In file included from [01m[K/opt/ros/melodic/include/ros/ros.h:45:0[m[K,
                 from [01m[K/home/CAD/butai01/ws/src/fsc/src/FootstepControl.cpp:7[m[K:
[01m[K/opt/ros/melodic/include/ros/node_handle.h:1017:17:[m[K [01;36m[Knote: [m[Kcandidate: template<class T, class MReq, class MRes> ros::ServiceServer ros::NodeHandle::advertiseService(const string&, bool (T::*)(ros::ServiceEvent<MReq, MRes>&), const boost::shared_ptr<X>&)
   ServiceServer [01;36m[KadvertiseService[m[K(const std::string& service, bool(T::*srv_func)(ServiceEvent<MReq, MRes>&), const boost::shared_ptr<T>& obj)
                 [01;36m[K^~~~~~~~~~~~~~~~[m[K
[01m[K/opt/ros/melodic/include/ros/node_handle.h:1017:17:[m[K [01;36m[Knote: [m[K  template argument deduction/substitution failed:
[01m[K/home/CAD/butai01/ws/src/fsc/src/FootstepControl.cpp:116:65:[m[K [01;36m[Knote: [m[K  mismatched types ‚Äò[01m[Kbool (T::*)(ros::ServiceEvent<MReq, MRes>&)[m[K‚Äô and ‚Äò[01m[Kbool[m[K‚Äô
     ros::ServiceServer service = n.advertiseService("setv", setv[01;36m[K)[m[K;
                                                                 [01;36m[K^[m[K
In file included from [01m[K/opt/ros/melodic/include/ros/ros.h:45:0[m[K,
                 from [01m[K/home/CAD/butai01/ws/src/fsc/src/FootstepControl.cpp:7[m[K:
[01m[K/opt/ros/melodic/include/ros/node_handle.h:1061:17:[m[K [01;36m[Knote: [m[Kcandidate: template<class MReq, class MRes> ros::ServiceServer ros::NodeHandle::advertiseService(const string&, bool (*)(MReq&, MRes&))
   ServiceServer [01;36m[KadvertiseService[m[K(const std::string& service, bool(*srv_func)(MReq&, MRes&))
                 [01;36m[K^~~~~~~~~~~~~~~~[m[K
[01m[K/opt/ros/melodic/include/ros/node_handle.h:1061:17:[m[K [01;36m[Knote: [m[K  template argument deduction/substitution failed:
[01m[K/home/CAD/butai01/ws/src/fsc/src/FootstepControl.cpp:116:65:[m[K [01;36m[Knote: [m[K  mismatched types ‚Äò[01m[Kbool (*)(MReq&, MRes&)[m[K‚Äô and ‚Äò[01m[Kbool[m[K‚Äô
     ros::ServiceServer service = n.advertiseService("setv", setv[01;36m[K)[m[K;
                                                                 [01;36m[K^[m[K
In file included from [01m[K/opt/ros/melodic/include/ros/ros.h:45:0[m[K,
                 from [01m[K/home/CAD/butai01/ws/src/fsc/src/FootstepControl.cpp:7[m[K:
[01m[K/opt/ros/melodic/include/ros/node_handle.h:1104:17:[m[K [01;36m[Knote: [m[Kcandidate: template<class MReq, class MRes> ros::ServiceServer ros::NodeHandle::advertiseService(const string&, bool (*)(ros::ServiceEvent<MReq, MRes>&))
   ServiceServer [01;36m[KadvertiseService[m[K(const std::string& service, bool(*srv_func)(ServiceEvent<MReq, MRes>&))
                 [01;36m[K^~~~~~~~~~~~~~~~[m[K
[01m[K/opt/ros/melodic/include/ros/node_handle.h:1104:17:[m[K [01;36m[Knote: [m[K  template argument deduction/substitution failed:
[01m[K/home/CAD/butai01/ws/src/fsc/src/FootstepControl.cpp:116:65:[m[K [01;36m[Knote: [m[K  mismatched types ‚Äò[01m[Kbool (*)(ros::ServiceEvent<MReq, MRes>&)[m[K‚Äô and ‚Äò[01m[Kbool[m[K‚Äô
     ros::ServiceServer service = n.advertiseService("setv", setv[01;36m[K)[m[K;
                                                                 [01;36m[K^[m[K
In file included from [01m[K/opt/ros/melodic/include/ros/ros.h:45:0[m[K,
                 from [01m[K/home/CAD/butai01/ws/src/fsc/src/FootstepControl.cpp:7[m[K:
[01m[K/opt/ros/melodic/include/ros/node_handle.h:1145:17:[m[K [01;36m[Knote: [m[Kcandidate: template<class MReq, class MRes> ros::ServiceServer ros::NodeHandle::advertiseService(const string&, const boost::function<bool(MReq&, MRes&)>&, const VoidConstPtr&)
   ServiceServer [01;36m[KadvertiseService[m[K(const std::string& service, const boost::function<bool(MReq&, MRes&)>& callback,
                 [01;36m[K^~~~~~~~~~~~~~~~[m[K
[01m[K/opt/ros/melodic/include/ros/node_handle.h:1145:17:[m[K [01;36m[Knote: [m[K  template argument deduction/substitution failed:
[01m[K/home/CAD/butai01/ws/src/fsc/src/FootstepControl.cpp:116:65:[m[K [01;36m[Knote: [m[K  mismatched types ‚Äò[01m[Kconst boost::function<bool(MReq&, MRes&)>[m[K‚Äô and ‚Äò[01m[Kbool[m[K‚Äô
     ros::ServiceServer service = n.advertiseService("setv", setv[01;36m[K)[m[K;
                                                                 [01;36m[K^[m[K
In file included from [01m[K/opt/ros/melodic/include/ros/ros.h:45:0[m[K,
                 from [01m[K/home/CAD/butai01/ws/src/fsc/src/FootstepControl.cpp:7[m[K:
[01m[K/opt/ros/melodic/include/ros/node_handle.h:1190:17:[m[K [01;36m[Knote: [m[Kcandidate: template<class S> ros::ServiceServer ros::NodeHandle::advertiseService(const string&, const boost::function<bool(S&)>&, const VoidConstPtr&)
   ServiceServer [01;36m[KadvertiseService[m[K(const std::string& service, const boost::function<bool(S&)>& callback,
                 [01;36m[K^~~~~~~~~~~~~~~~[m[K
[01m[K/opt/ros/melodic/include/ros/node_handle.h:1190:17:[m[K [01;36m[Knote: [m[K  template argument deduction/substitution failed:
[01m[K/home/CAD/butai01/ws/src/fsc/src/FootstepControl.cpp:116:65:[m[K [01;36m[Knote: [m[K  mismatched types ‚Äò[01m[Kconst boost::function<bool(S&)>[m[K‚Äô and ‚Äò[01m[Kbool[m[K‚Äô
     ros::ServiceServer service = n.advertiseService("setv", setv[01;36m[K)[m[K;
                                                                 [01;36m[K^[m[K
In file included from [01m[K/opt/ros/melodic/include/ros/ros.h:45:0[m[K,
                 from [01m[K/home/CAD/butai01/ws/src/fsc/src/FootstepControl.cpp:7[m[K:
[01m[K/opt/ros/melodic/include/ros/node_handle.h:1222:17:[m[K [01;36m[Knote: [m[Kcandidate: ros::ServiceServer ros::NodeHandle::advertiseService(ros::AdvertiseServiceOptions&)
   ServiceServer [01;36m[KadvertiseService[m[K(AdvertiseServiceOptions& ops);
                 [01;36m[K^~~~~~~~~~~~~~~~[m[K
[01m[K/opt/ros/melodic/include/ros/node_handle.h:1222:17:[m[K [01;36m[Knote: [m[K  candidate expects 1 argument, 2 provided
make[2]: *** [CMakeFiles/fsc_node.dir/src/FootstepControl.cpp.o] Error 1
make[1]: *** [CMakeFiles/fsc_node.dir/all] Error 2
make[1]: *** Ê≠£Âú®Á≠âÂæÖÊú™ÂÆåÊàêÁöÑ‰ªªÂä°....
make[2]: *** [CMakeFiles/fsc.dir/src/FootstepControl.cpp.o] Error 1
make[1]: *** [CMakeFiles/fsc.dir/all] Error 2
make: *** [all] Error 2
