[01m[K/home/CAD/butai01/ws/src/fsc/src/FootstepControl.cpp:17:10:[m[K [01;31m[Kerror: [m[Kuninitialized const ‚Äò[01m[Kal[m[K‚Äô [[01;31m[K-fpermissive[m[K]
 const DB [01;31m[Kal[m[K,dt,og,sg;
          [01;31m[K^~[m[K
[01m[K/home/CAD/butai01/ws/src/fsc/src/FootstepControl.cpp:17:13:[m[K [01;31m[Kerror: [m[Kuninitialized const ‚Äò[01m[Kdt[m[K‚Äô [[01;31m[K-fpermissive[m[K]
 const DB al,[01;31m[Kdt[m[K,og,sg;
             [01;31m[K^~[m[K
[01m[K/home/CAD/butai01/ws/src/fsc/src/FootstepControl.cpp:17:16:[m[K [01;31m[Kerror: [m[Kuninitialized const ‚Äò[01m[Kog[m[K‚Äô [[01;31m[K-fpermissive[m[K]
 const DB al,dt,[01;31m[Kog[m[K,sg;
                [01;31m[K^~[m[K
[01m[K/home/CAD/butai01/ws/src/fsc/src/FootstepControl.cpp:17:19:[m[K [01;31m[Kerror: [m[Kuninitialized const ‚Äò[01m[Ksg[m[K‚Äô [[01;31m[K-fpermissive[m[K]
 const DB al,dt,og,[01;31m[Ksg[m[K;
                   [01;31m[K^~[m[K
[01m[K/home/CAD/butai01/ws/src/fsc/src/FootstepControl.cpp:51:11:[m[K [01;31m[Kerror: [m[K‚Äò[01m[KFootstepControl[m[K‚Äô has not been declared
 bool setv([01;31m[KFootstepControl[m[K::SetV::Request &req, FootstepControl::SetV::Response &res){tvx = req.vx;tvy = req.vy;tvr = req.vr;return true;}
           [01;31m[K^~~~~~~~~~~~~~~[m[K
[01m[K/home/CAD/butai01/ws/src/fsc/src/FootstepControl.cpp:51:43:[m[K [01;31m[Kerror: [m[K‚Äò[01m[Kreq[m[K‚Äô was not declared in this scope
 bool setv(FootstepControl::SetV::Request &[01;31m[Kreq[m[K, FootstepControl::SetV::Response &res){tvx = req.vx;tvy = req.vy;tvr = req.vr;return true;}
                                           [01;31m[K^~~[m[K
[01m[K/home/CAD/butai01/ws/src/fsc/src/FootstepControl.cpp:51:48:[m[K [01;31m[Kerror: [m[K‚Äò[01m[KFootstepControl[m[K‚Äô has not been declared
 bool setv(FootstepControl::SetV::Request &req, [01;31m[KFootstepControl[m[K::SetV::Response &res){tvx = req.vx;tvy = req.vy;tvr = req.vr;return true;}
                                                [01;31m[K^~~~~~~~~~~~~~~[m[K
[01m[K/home/CAD/butai01/ws/src/fsc/src/FootstepControl.cpp:51:81:[m[K [01;31m[Kerror: [m[K‚Äò[01m[Kres[m[K‚Äô was not declared in this scope
 bool setv(FootstepControl::SetV::Request &req, FootstepControl::SetV::Response &[01;31m[Kres[m[K){tvx = req.vx;tvy = req.vy;tvr = req.vr;return true;}
                                                                                 [01;31m[K^~~[m[K
[01m[K/home/CAD/butai01/ws/src/fsc/src/FootstepControl.cpp:51:84:[m[K [01;31m[Kerror: [m[Kexpression list treated as compound expression in initializer [[01;31m[K-fpermissive[m[K]
 bool setv(FootstepControl::SetV::Request &req, FootstepControl::SetV::Response &res[01;31m[K)[m[K{tvx = req.vx;tvy = req.vy;tvr = req.vr;return true;}
                                                                                    [01;31m[K^[m[K
[01m[K/home/CAD/butai01/ws/src/fsc/src/FootstepControl.cpp:69:16:[m[K [01;31m[Kerror: [m[K‚Äò[01m[KFootstepControl[m[K‚Äô does not name a type
 void FSC(const [01;31m[KFootstepControl[m[K::MyState::ConstPtr &msg)
                [01;31m[K^~~~~~~~~~~~~~~[m[K
[01m[K/home/CAD/butai01/ws/src/fsc/src/FootstepControl.cpp:69:40:[m[K [01;31m[Kerror: [m[Kexpected unqualified-id before ‚Äò[01m[K::[m[K‚Äô token
 void FSC(const FootstepControl::MyState[01;31m[K::[m[KConstPtr &msg)
                                        [01;31m[K^~[m[K
[01m[K/home/CAD/butai01/ws/src/fsc/src/FootstepControl.cpp:69:40:[m[K [01;31m[Kerror: [m[Kexpected ‚Äò[01m[K)[m[K‚Äô before ‚Äò[01m[K::[m[K‚Äô token
[01m[K/home/CAD/butai01/ws/src/fsc/src/FootstepControl.cpp:69:40:[m[K [01;31m[Kerror: [m[Kexpected initializer before ‚Äò[01m[K::[m[K‚Äô token
[01m[K/home/CAD/butai01/ws/src/fsc/src/FootstepControl.cpp:[m[K In function ‚Äò[01m[Kint main(int, char**)[m[K‚Äô:
[01m[K/home/CAD/butai01/ws/src/fsc/src/FootstepControl.cpp:114:27:[m[K [01;31m[Kerror: [m[K‚Äò[01m[Kn[m[K‚Äô was not declared in this scope
     ros::Subscriber sub = [01;31m[Kn[m[K.subscribe("cstate", 10, FSC);
                           [01;31m[K^[m[K
[01m[K/home/CAD/butai01/ws/src/fsc/src/FootstepControl.cpp:114:27:[m[K [01;36m[Knote: [m[Ksuggested alternative: ‚Äò[01m[Knh[m[K‚Äô
     ros::Subscriber sub = [01;36m[Kn[m[K.subscribe("cstate", 10, FSC);
                           [01;36m[K^[m[K
                           [32m[Knh[m[K
[01m[K/home/CAD/butai01/ws/src/fsc/src/FootstepControl.cpp:114:53:[m[K [01;31m[Kerror: [m[K‚Äò[01m[KFSC[m[K‚Äô was not declared in this scope
     ros::Subscriber sub = n.subscribe("cstate", 10, [01;31m[KFSC[m[K);
                                                     [01;31m[K^~~[m[K
[01m[K/home/CAD/butai01/ws/src/fsc/src/FootstepControl.cpp:115:23:[m[K [01;31m[Kerror: [m[K‚Äò[01m[KFootstepControl[m[K‚Äô has not been declared
     pub = n.advertise<[01;31m[KFootstepControl[m[K::CpgParam>("cpgin", 10);
                       [01;31m[K^~~~~~~~~~~~~~~[m[K
[01m[K/home/CAD/butai01/ws/src/fsc/src/FootstepControl.cpp:17:10:[m[K [01;31m[Kerror: [m[Kuninitialized const ‚Äò[01m[Kal[m[K‚Äô [[01;31m[K-fpermissive[m[K]
 const DB [01;31m[Kal[m[K,dt,og,sg;
          [01;31m[K^~[m[K
[01m[K/home/CAD/butai01/ws/src/fsc/src/FootstepControl.cpp:17:13:[m[K [01;31m[Kerror: [m[Kuninitialized const ‚Äò[01m[Kdt[m[K‚Äô [[01;31m[K-fpermissive[m[K]
 const DB al,[01;31m[Kdt[m[K,og,sg;
             [01;31m[K^~[m[K
[01m[K/home/CAD/butai01/ws/src/fsc/src/FootstepControl.cpp:17:16:[m[K [01;31m[Kerror: [m[Kuninitialized const ‚Äò[01m[Kog[m[K‚Äô [[01;31m[K-fpermissive[m[K]
 const DB al,dt,[01;31m[Kog[m[K,sg;
                [01;31m[K^~[m[K
[01m[K/home/CAD/butai01/ws/src/fsc/src/FootstepControl.cpp:17:19:[m[K [01;31m[Kerror: [m[Kuninitialized const ‚Äò[01m[Ksg[m[K‚Äô [[01;31m[K-fpermissive[m[K]
 const DB al,dt,og,[01;31m[Ksg[m[K;
                   [01;31m[K^~[m[K
[01m[K/home/CAD/butai01/ws/src/fsc/src/FootstepControl.cpp:51:11:[m[K [01;31m[Kerror: [m[K‚Äò[01m[KFootstepControl[m[K‚Äô has not been declared
 bool setv([01;31m[KFootstepControl[m[K::SetV::Request &req, FootstepControl::SetV::Response &res){tvx = req.vx;tvy = req.vy;tvr = req.vr;return true;}
           [01;31m[K^~~~~~~~~~~~~~~[m[K
[01m[K/home/CAD/butai01/ws/src/fsc/src/FootstepControl.cpp:51:43:[m[K [01;31m[Kerror: [m[K‚Äò[01m[Kreq[m[K‚Äô was not declared in this scope
 bool setv(FootstepControl::SetV::Request &[01;31m[Kreq[m[K, FootstepControl::SetV::Response &res){tvx = req.vx;tvy = req.vy;tvr = req.vr;return true;}
                                           [01;31m[K^~~[m[K
[01m[K/home/CAD/butai01/ws/src/fsc/src/FootstepControl.cpp:51:48:[m[K [01;31m[Kerror: [m[K‚Äò[01m[KFootstepControl[m[K‚Äô has not been declared
 bool setv(FootstepControl::SetV::Request &req, [01;31m[KFootstepControl[m[K::SetV::Response &res){tvx = req.vx;tvy = req.vy;tvr = req.vr;return true;}
                                                [01;31m[K^~~~~~~~~~~~~~~[m[K
[01m[K/home/CAD/butai01/ws/src/fsc/src/FootstepControl.cpp:51:81:[m[K [01;31m[Kerror: [m[K‚Äò[01m[Kres[m[K‚Äô was not declared in this scope
 bool setv(FootstepControl::SetV::Request &req, FootstepControl::SetV::Response &[01;31m[Kres[m[K){tvx = req.vx;tvy = req.vy;tvr = req.vr;return true;}
                                                                                 [01;31m[K^~~[m[K
[01m[K/home/CAD/butai01/ws/src/fsc/src/FootstepControl.cpp:51:84:[m[K [01;31m[Kerror: [m[Kexpression list treated as compound expression in initializer [[01;31m[K-fpermissive[m[K]
 bool setv(FootstepControl::SetV::Request &req, FootstepControl::SetV::Response &res[01;31m[K)[m[K{tvx = req.vx;tvy = req.vy;tvr = req.vr;return true;}
                                                                                    [01;31m[K^[m[K
[01m[K/home/CAD/butai01/ws/src/fsc/src/FootstepControl.cpp:69:16:[m[K [01;31m[Kerror: [m[K‚Äò[01m[KFootstepControl[m[K‚Äô does not name a type
 void FSC(const [01;31m[KFootstepControl[m[K::MyState::ConstPtr &msg)
                [01;31m[K^~~~~~~~~~~~~~~[m[K
[01m[K/home/CAD/butai01/ws/src/fsc/src/FootstepControl.cpp:69:40:[m[K [01;31m[Kerror: [m[Kexpected unqualified-id before ‚Äò[01m[K::[m[K‚Äô token
 void FSC(const FootstepControl::MyState[01;31m[K::[m[KConstPtr &msg)
                                        [01;31m[K^~[m[K
[01m[K/home/CAD/butai01/ws/src/fsc/src/FootstepControl.cpp:69:40:[m[K [01;31m[Kerror: [m[Kexpected ‚Äò[01m[K)[m[K‚Äô before ‚Äò[01m[K::[m[K‚Äô token
[01m[K/home/CAD/butai01/ws/src/fsc/src/FootstepControl.cpp:69:40:[m[K [01;31m[Kerror: [m[Kexpected initializer before ‚Äò[01m[K::[m[K‚Äô token
[01m[K/home/CAD/butai01/ws/src/fsc/src/FootstepControl.cpp:[m[K In function ‚Äò[01m[Kint main(int, char**)[m[K‚Äô:
[01m[K/home/CAD/butai01/ws/src/fsc/src/FootstepControl.cpp:114:27:[m[K [01;31m[Kerror: [m[K‚Äò[01m[Kn[m[K‚Äô was not declared in this scope
     ros::Subscriber sub = [01;31m[Kn[m[K.subscribe("cstate", 10, FSC);
                           [01;31m[K^[m[K
[01m[K/home/CAD/butai01/ws/src/fsc/src/FootstepControl.cpp:114:27:[m[K [01;36m[Knote: [m[Ksuggested alternative: ‚Äò[01m[Knh[m[K‚Äô
     ros::Subscriber sub = [01;36m[Kn[m[K.subscribe("cstate", 10, FSC);
                           [01;36m[K^[m[K
                           [32m[Knh[m[K
[01m[K/home/CAD/butai01/ws/src/fsc/src/FootstepControl.cpp:114:53:[m[K [01;31m[Kerror: [m[K‚Äò[01m[KFSC[m[K‚Äô was not declared in this scope
     ros::Subscriber sub = n.subscribe("cstate", 10, [01;31m[KFSC[m[K);
                                                     [01;31m[K^~~[m[K
[01m[K/home/CAD/butai01/ws/src/fsc/src/FootstepControl.cpp:115:23:[m[K [01;31m[Kerror: [m[K‚Äò[01m[KFootstepControl[m[K‚Äô has not been declared
     pub = n.advertise<[01;31m[KFootstepControl[m[K::CpgParam>("cpgin", 10);
                       [01;31m[K^~~~~~~~~~~~~~~[m[K
make[2]: *** [CMakeFiles/fsc_node.dir/src/FootstepControl.cpp.o] Error 1
make[1]: *** [CMakeFiles/fsc_node.dir/all] Error 2
make[1]: *** Ê≠£Âú®Á≠âÂæÖÊú™ÂÆåÊàêÁöÑ‰ªªÂä°....
make[2]: *** [CMakeFiles/fsc.dir/src/FootstepControl.cpp.o] Error 1
make[1]: *** [CMakeFiles/fsc.dir/all] Error 2
make: *** [all] Error 2
